<?xml version="1.0" encoding="UTF-8"?>
<!-- Generated by org.testng.reporters.JUnitXMLReporter -->
<testsuite ignored="1" hostname="Saju-Laptop" failures="0" tests="6" name="Default test" time="0.152" errors="0" timestamp="2024-09-30T12:59:01 IST">
  <testcase classname="testng.Testngdemo" name="test3" time="0.018"/>
  <testcase classname="testng.Testngdemo" name="test1" time="0.012"/>
  <testcase classname="testng.Testngdemo" name="test1" time="0.007"/>
  <testcase classname="testng.Testngdemo" name="test1" time="0.002"/>
  <testcase classname="testng.Testngdemo" name="test2" time="0.002"/>
  <testcase classname="testng.Testngdemo" name="test5" time="0.002"/>
  <testcase classname="testng.Testngdemo" name="test4" time="0.0">
    <ignored/>
  </testcase> <!-- test4 -->
</testsuite> <!-- Default test -->
