<?xml version="1.0" encoding="UTF-8"?>
<testng-results ignored="1" total="7" passed="6" failed="0" skipped="0">
  <reporter-output>
  </reporter-output>
  <suite started-at="2024-09-30T12:59:01 IST" name="Default suite" finished-at="2024-09-30T12:59:01 IST" duration-ms="152">
    <groups>
      <group name="smoke">
        <method signature="Testngdemo.test1()[pri:4, instance:testng.Testngdemo@17f9d882]" name="test1" class="testng.Testngdemo"/>
        <method signature="Testngdemo.test2()[pri:3, instance:testng.Testngdemo@17f9d882]" name="test2" class="testng.Testngdemo"/>
      </group> <!-- smoke -->
      <group name="sanity">
        <method signature="Testngdemo.test2()[pri:3, instance:testng.Testngdemo@17f9d882]" name="test2" class="testng.Testngdemo"/>
      </group> <!-- sanity -->
    </groups>
    <test started-at="2024-09-30T12:59:01 IST" name="Default test" finished-at="2024-09-30T12:59:01 IST" duration-ms="152">
      <class name="testng.Testngdemo">
        <test-method is-config="true" signature="setUp()[pri:0, instance:testng.Testngdemo@17f9d882]" started-at="2024-09-30T12:59:01 IST" name="setUp" finished-at="2024-09-30T12:59:01 IST" duration-ms="16" status="PASS">
          <reporter-output>
          </reporter-output>
        </test-method> <!-- setUp -->
        <test-method is-config="true" signature="urlloding()[pri:0, instance:testng.Testngdemo@17f9d882]" started-at="2024-09-30T12:59:01 IST" name="urlloding" finished-at="2024-09-30T12:59:01 IST" duration-ms="0" status="PASS">
          <reporter-output>
          </reporter-output>
        </test-method> <!-- urlloding -->
        <test-method signature="test3()[pri:2, instance:testng.Testngdemo@17f9d882]" started-at="2024-09-30T12:59:01 IST" name="test3" finished-at="2024-09-30T12:59:01 IST" duration-ms="18" status="PASS">
          <reporter-output>
          </reporter-output>
        </test-method> <!-- test3 -->
        <test-method is-config="true" signature="urlloding()[pri:0, instance:testng.Testngdemo@17f9d882]" started-at="2024-09-30T12:59:01 IST" name="urlloding" finished-at="2024-09-30T12:59:01 IST" duration-ms="1" status="PASS">
          <reporter-output>
          </reporter-output>
        </test-method> <!-- urlloding -->
        <test-method signature="test1()[pri:4, instance:testng.Testngdemo@17f9d882]" started-at="2024-09-30T12:59:01 IST" name="test1" finished-at="2024-09-30T12:59:01 IST" duration-ms="12" status="PASS">
          <reporter-output>
          </reporter-output>
        </test-method> <!-- test1 -->
        <test-method is-config="true" signature="urlloding()[pri:0, instance:testng.Testngdemo@17f9d882]" started-at="2024-09-30T12:59:01 IST" name="urlloding" finished-at="2024-09-30T12:59:01 IST" duration-ms="1" status="PASS">
          <reporter-output>
          </reporter-output>
        </test-method> <!-- urlloding -->
        <test-method signature="test1()[pri:4, instance:testng.Testngdemo@17f9d882]" started-at="2024-09-30T12:59:01 IST" name="test1" finished-at="2024-09-30T12:59:01 IST" duration-ms="7" status="PASS">
          <reporter-output>
          </reporter-output>
        </test-method> <!-- test1 -->
        <test-method is-config="true" signature="urlloding()[pri:0, instance:testng.Testngdemo@17f9d882]" started-at="2024-09-30T12:59:01 IST" name="urlloding" finished-at="2024-09-30T12:59:01 IST" duration-ms="0" status="PASS">
          <reporter-output>
          </reporter-output>
        </test-method> <!-- urlloding -->
        <test-method signature="test1()[pri:4, instance:testng.Testngdemo@17f9d882]" started-at="2024-09-30T12:59:01 IST" name="test1" finished-at="2024-09-30T12:59:01 IST" duration-ms="2" status="PASS">
          <reporter-output>
          </reporter-output>
        </test-method> <!-- test1 -->
        <test-method is-config="true" signature="urlloding()[pri:0, instance:testng.Testngdemo@17f9d882]" started-at="2024-09-30T12:59:01 IST" name="urlloding" finished-at="2024-09-30T12:59:01 IST" duration-ms="1" status="PASS">
          <reporter-output>
          </reporter-output>
        </test-method> <!-- urlloding -->
        <test-method signature="test2()[pri:3, instance:testng.Testngdemo@17f9d882]" started-at="2024-09-30T12:59:01 IST" name="test2" finished-at="2024-09-30T12:59:01 IST" depends-on-methods="testng.Testngdemo.test1" duration-ms="2" status="PASS">
          <reporter-output>
          </reporter-output>
        </test-method> <!-- test2 -->
        <test-method is-config="true" signature="urlloding()[pri:0, instance:testng.Testngdemo@17f9d882]" started-at="2024-09-30T12:59:01 IST" name="urlloding" finished-at="2024-09-30T12:59:01 IST" duration-ms="2" status="PASS">
          <reporter-output>
          </reporter-output>
        </test-method> <!-- urlloding -->
        <test-method signature="test5()[pri:5, instance:testng.Testngdemo@17f9d882]" started-at="2024-09-30T12:59:01 IST" name="test5" finished-at="2024-09-30T12:59:01 IST" duration-ms="2" status="PASS">
          <reporter-output>
          </reporter-output>
        </test-method> <!-- test5 -->
        <test-method is-config="true" signature="aftrmthd()[pri:0, instance:testng.Testngdemo@17f9d882]" started-at="2024-09-30T12:59:01 IST" name="aftrmthd" finished-at="2024-09-30T12:59:01 IST" duration-ms="1" status="PASS">
          <reporter-output>
          </reporter-output>
        </test-method> <!-- aftrmthd -->
        <test-method is-config="true" signature="tearDown()[pri:0, instance:testng.Testngdemo@17f9d882]" started-at="2024-09-30T12:59:01 IST" name="tearDown" finished-at="2024-09-30T12:59:01 IST" duration-ms="1" status="PASS">
          <reporter-output>
          </reporter-output>
        </test-method> <!-- tearDown -->
      </class> <!-- testng.Testngdemo -->
    </test> <!-- Default test -->
  </suite> <!-- Default suite -->
</testng-results>
